::1 - - [22/Jul/2020:14:44:45 +0000] "GET /app HTTP/1.1" 401 37 "-" "Mozilla/5.0 (Windows NT 10.0; Win64; x64) AppleWebKit/537.36 (KHTML, like Gecko) Chrome/75.0.3770.100 Safari/537.36"
::1 - - [22/Jul/2020:14:44:45 +0000] "GET /favicon.ico HTTP/1.1" 401 37 "http://localhost:3000/app" "Mozilla/5.0 (Windows NT 10.0; Win64; x64) AppleWebKit/537.36 (KHTML, like Gecko) Chrome/75.0.3770.100 Safari/537.36"
::1 - - [22/Jul/2020:14:46:22 +0000] "GET /api/user/login?name=kkk90&password=1236 HTTP/1.1" 200 39 "http://localhost:8081/" "Mozilla/5.0 (Windows NT 10.0; Win64; x64) AppleWebKit/537.36 (KHTML, like Gecko) Chrome/75.0.3770.100 Safari/537.36"
::1 - - [22/Jul/2020:14:46:24 +0000] "GET /app HTTP/1.1" 404 1268 "-" "Mozilla/5.0 (Windows NT 10.0; Win64; x64) AppleWebKit/537.36 (KHTML, like Gecko) Chrome/75.0.3770.100 Safari/537.36"
::1 - - [22/Jul/2020:14:46:24 +0000] "GET /favicon.ico HTTP/1.1" 404 1268 "http://localhost:3000/app" "Mozilla/5.0 (Windows NT 10.0; Win64; x64) AppleWebKit/537.36 (KHTML, like Gecko) Chrome/75.0.3770.100 Safari/537.36"
::1 - - [23/Jul/2020:14:33:37 +0000] "GET /api/user/login?name=hhl123&password=12345 HTTP/1.1" 200 39 "http://localhost:8081/" "Mozilla/5.0 (Windows NT 10.0; Win64; x64) AppleWebKit/537.36 (KHTML, like Gecko) Chrome/75.0.3770.100 Safari/537.36"
::1 - - [23/Jul/2020:14:34:55 +0000] "GET /api/user/login?name=hhl123&password=12345 HTTP/1.1" 200 39 "http://localhost:8081/" "Mozilla/5.0 (Windows NT 10.0; Win64; x64) AppleWebKit/537.36 (KHTML, like Gecko) Chrome/75.0.3770.100 Safari/537.36"
::1 - - [23/Jul/2020:14:35:22 +0000] "GET /api/user/login?name=hhl123&password=12345 HTTP/1.1" 200 39 "http://localhost:8081/" "Mozilla/5.0 (Windows NT 10.0; Win64; x64) AppleWebKit/537.36 (KHTML, like Gecko) Chrome/75.0.3770.100 Safari/537.36"
::1 - - [23/Jul/2020:14:36:47 +0000] "GET /api/user/login?name=hhl123&password=12345 HTTP/1.1" 200 39 "http://localhost:8081/" "Mozilla/5.0 (Windows NT 10.0; Win64; x64) AppleWebKit/537.36 (KHTML, like Gecko) Chrome/75.0.3770.100 Safari/537.36"
::1 - - [23/Jul/2020:14:36:57 +0000] "GET /api/user/unreset HTTP/1.1" 200 39 "http://localhost:8081/" "Mozilla/5.0 (Windows NT 10.0; Win64; x64) AppleWebKit/537.36 (KHTML, like Gecko) Chrome/75.0.3770.100 Safari/537.36"
::1 - - [23/Jul/2020:14:37:23 +0000] "GET /api/user/login?name=hhl123&password=12345 HTTP/1.1" 200 39 "http://localhost:8081/" "Mozilla/5.0 (Windows NT 10.0; Win64; x64) AppleWebKit/537.36 (KHTML, like Gecko) Chrome/75.0.3770.100 Safari/537.36"
::1 - - [23/Jul/2020:14:38:08 +0000] "GET /api/user/login?name=hhl123&password=12345 HTTP/1.1" 200 39 "http://localhost:8081/" "Mozilla/5.0 (Windows NT 10.0; Win64; x64) AppleWebKit/537.36 (KHTML, like Gecko) Chrome/75.0.3770.100 Safari/537.36"
::1 - - [23/Jul/2020:14:38:32 +0000] "GET /api/user/login?name=hhl123&password=12345 HTTP/1.1" 200 39 "-" "Mozilla/5.0 (Windows NT 10.0; Win64; x64) AppleWebKit/537.36 (KHTML, like Gecko) Chrome/75.0.3770.100 Safari/537.36"
::1 - - [23/Jul/2020:14:38:32 +0000] "GET /favicon.ico HTTP/1.1" 404 1268 "http://localhost:3000/api/user/login?name=hhl123&password=12345" "Mozilla/5.0 (Windows NT 10.0; Win64; x64) AppleWebKit/537.36 (KHTML, like Gecko) Chrome/75.0.3770.100 Safari/537.36"
::1 - - [23/Jul/2020:14:39:42 +0000] "GET /api/user/login?name=hhl123&password=12345 HTTP/1.1" 200 39 "http://localhost:8081/" "Mozilla/5.0 (Windows NT 10.0; Win64; x64) AppleWebKit/537.36 (KHTML, like Gecko) Chrome/75.0.3770.100 Safari/537.36"
::1 - - [23/Jul/2020:14:40:16 +0000] "GET /api/user/login?name=hhl123&password=12345 HTTP/1.1" 200 39 "http://localhost:8081/" "Mozilla/5.0 (Windows NT 10.0; Win64; x64) AppleWebKit/537.36 (KHTML, like Gecko) Chrome/75.0.3770.100 Safari/537.36"
::1 - - [23/Jul/2020:14:41:04 +0000] "GET /api/user/login?name=hhl123&password=12345 HTTP/1.1" 200 39 "http://localhost:8081/" "Mozilla/5.0 (Windows NT 10.0; Win64; x64) AppleWebKit/537.36 (KHTML, like Gecko) Chrome/75.0.3770.100 Safari/537.36"
::1 - - [23/Jul/2020:14:41:29 +0000] "GET /api/user/unreset HTTP/1.1" 200 48 "http://localhost:8081/" "Mozilla/5.0 (Windows NT 10.0; Win64; x64) AppleWebKit/537.36 (KHTML, like Gecko) Chrome/75.0.3770.100 Safari/537.36"
::1 - - [23/Jul/2020:14:41:30 +0000] "GET /api/user/login?name=hhl123&password=12345 HTTP/1.1" 200 39 "http://localhost:8081/" "Mozilla/5.0 (Windows NT 10.0; Win64; x64) AppleWebKit/537.36 (KHTML, like Gecko) Chrome/75.0.3770.100 Safari/537.36"
::1 - - [23/Jul/2020:14:41:43 +0000] "GET /api/user/unreset HTTP/1.1" 200 48 "http://localhost:8081/" "Mozilla/5.0 (Windows NT 10.0; Win64; x64) AppleWebKit/537.36 (KHTML, like Gecko) Chrome/75.0.3770.100 Safari/537.36"
::1 - - [23/Jul/2020:14:41:50 +0000] "GET /api/user/login?name=hhl123&password=12345 HTTP/1.1" 200 39 "http://localhost:8081/" "Mozilla/5.0 (Windows NT 10.0; Win64; x64) AppleWebKit/537.36 (KHTML, like Gecko) Chrome/75.0.3770.100 Safari/537.36"
::1 - - [23/Jul/2020:14:42:00 +0000] "GET /api/user/unreset HTTP/1.1" 200 48 "http://localhost:8081/" "Mozilla/5.0 (Windows NT 10.0; Win64; x64) AppleWebKit/537.36 (KHTML, like Gecko) Chrome/75.0.3770.100 Safari/537.36"
::1 - - [23/Jul/2020:14:42:04 +0000] "GET /api/user/unreset HTTP/1.1" 200 48 "http://localhost:8081/" "Mozilla/5.0 (Windows NT 10.0; Win64; x64) AppleWebKit/537.36 (KHTML, like Gecko) Chrome/75.0.3770.100 Safari/537.36"
::1 - - [23/Jul/2020:14:42:06 +0000] "GET /api/user/unreset HTTP/1.1" 200 48 "http://localhost:8081/" "Mozilla/5.0 (Windows NT 10.0; Win64; x64) AppleWebKit/537.36 (KHTML, like Gecko) Chrome/75.0.3770.100 Safari/537.36"
::1 - - [23/Jul/2020:14:42:37 +0000] "GET /api/user/login?name=hhl123&password=12345 HTTP/1.1" 200 39 "http://localhost:8081/" "Mozilla/5.0 (Windows NT 10.0; Win64; x64) AppleWebKit/537.36 (KHTML, like Gecko) Chrome/75.0.3770.100 Safari/537.36"
::1 - - [23/Jul/2020:14:42:39 +0000] "GET /api/user/unreset HTTP/1.1" 200 39 "http://localhost:8081/" "Mozilla/5.0 (Windows NT 10.0; Win64; x64) AppleWebKit/537.36 (KHTML, like Gecko) Chrome/75.0.3770.100 Safari/537.36"
::1 - - [23/Jul/2020:14:43:37 +0000] "GET /api/user/login?name=hhl123&password=12345 HTTP/1.1" 200 39 "http://localhost:8081/" "Mozilla/5.0 (Windows NT 10.0; Win64; x64) AppleWebKit/537.36 (KHTML, like Gecko) Chrome/75.0.3770.100 Safari/537.36"
::1 - - [23/Jul/2020:14:44:11 +0000] "GET /api/user/unreset HTTP/1.1" 200 39 "http://localhost:8081/" "Mozilla/5.0 (Windows NT 10.0; Win64; x64) AppleWebKit/537.36 (KHTML, like Gecko) Chrome/75.0.3770.100 Safari/537.36"
::1 - - [23/Jul/2020:14:45:30 +0000] "GET /api/user/login?name=hhl123&password=12345 HTTP/1.1" 200 39 "http://localhost:8081/" "Mozilla/5.0 (Windows NT 10.0; Win64; x64) AppleWebKit/537.36 (KHTML, like Gecko) Chrome/75.0.3770.100 Safari/537.36"
::1 - - [23/Jul/2020:14:45:33 +0000] "GET /api/user/unreset HTTP/1.1" 200 39 "http://localhost:8081/" "Mozilla/5.0 (Windows NT 10.0; Win64; x64) AppleWebKit/537.36 (KHTML, like Gecko) Chrome/75.0.3770.100 Safari/537.36"
::1 - - [23/Jul/2020:14:47:16 +0000] "GET /api/user/login?name=hhl123&password=12345 HTTP/1.1" 200 39 "http://localhost:8081/" "Mozilla/5.0 (Windows NT 10.0; Win64; x64) AppleWebKit/537.36 (KHTML, like Gecko) Chrome/75.0.3770.100 Safari/537.36"
::1 - - [23/Jul/2020:14:47:46 +0000] "GET /api/user/login?name=hhl123&password=12345 HTTP/1.1" 200 39 "http://localhost:8081/" "Mozilla/5.0 (Windows NT 10.0; Win64; x64) AppleWebKit/537.36 (KHTML, like Gecko) Chrome/75.0.3770.100 Safari/537.36"
::1 - - [23/Jul/2020:14:47:59 +0000] "GET /api/user/login?name=hhl123&password=12345 HTTP/1.1" 200 39 "http://localhost:8081/" "Mozilla/5.0 (Windows NT 10.0; Win64; x64) AppleWebKit/537.36 (KHTML, like Gecko) Chrome/75.0.3770.100 Safari/537.36"
::1 - - [23/Jul/2020:14:50:05 +0000] "GET /api/user/unreset HTTP/1.1" 200 48 "http://localhost:8081/" "Mozilla/5.0 (Windows NT 10.0; Win64; x64) AppleWebKit/537.36 (KHTML, like Gecko) Chrome/75.0.3770.100 Safari/537.36"
::1 - - [23/Jul/2020:14:50:13 +0000] "GET /api/user/login?name=hhl123&password=12345 HTTP/1.1" 200 39 "http://localhost:8081/" "Mozilla/5.0 (Windows NT 10.0; Win64; x64) AppleWebKit/537.36 (KHTML, like Gecko) Chrome/75.0.3770.100 Safari/537.36"
::1 - - [23/Jul/2020:14:51:19 +0000] "GET /api/user/unreset HTTP/1.1" 200 48 "http://localhost:8081/" "Mozilla/5.0 (Windows NT 10.0; Win64; x64) AppleWebKit/537.36 (KHTML, like Gecko) Chrome/75.0.3770.100 Safari/537.36"
::1 - - [23/Jul/2020:14:51:24 +0000] "GET /api/user/unreset HTTP/1.1" 200 48 "http://localhost:8081/" "Mozilla/5.0 (Windows NT 10.0; Win64; x64) AppleWebKit/537.36 (KHTML, like Gecko) Chrome/75.0.3770.100 Safari/537.36"
::1 - - [23/Jul/2020:14:51:26 +0000] "GET /api/user/unreset HTTP/1.1" 200 48 "http://localhost:8081/" "Mozilla/5.0 (Windows NT 10.0; Win64; x64) AppleWebKit/537.36 (KHTML, like Gecko) Chrome/75.0.3770.100 Safari/537.36"
::1 - - [23/Jul/2020:14:52:06 +0000] "GET /api/user/login?name=hhl123&password=12345 HTTP/1.1" 200 39 "http://localhost:8081/" "Mozilla/5.0 (Windows NT 10.0; Win64; x64) AppleWebKit/537.36 (KHTML, like Gecko) Chrome/75.0.3770.100 Safari/537.36"
::1 - - [23/Jul/2020:14:52:08 +0000] "GET /api/user/unreset HTTP/1.1" 200 39 "http://localhost:8081/" "Mozilla/5.0 (Windows NT 10.0; Win64; x64) AppleWebKit/537.36 (KHTML, like Gecko) Chrome/75.0.3770.100 Safari/537.36"
::1 - - [23/Jul/2020:14:53:00 +0000] "GET /api/user/login?name=hhl123&password=12345 HTTP/1.1" 200 39 "http://localhost:8081/" "Mozilla/5.0 (Windows NT 10.0; Win64; x64) AppleWebKit/537.36 (KHTML, like Gecko) Chrome/75.0.3770.100 Safari/537.36"
::1 - - [23/Jul/2020:14:55:14 +0000] "GET /api/user/login?name=hhl123&password=12345 HTTP/1.1" 200 39 "http://localhost:8081/" "Mozilla/5.0 (Windows NT 10.0; Win64; x64) AppleWebKit/537.36 (KHTML, like Gecko) Chrome/75.0.3770.100 Safari/537.36"
::1 - - [23/Jul/2020:14:55:39 +0000] "GET /api/user/unreset HTTP/1.1" 200 39 "http://localhost:8081/" "Mozilla/5.0 (Windows NT 10.0; Win64; x64) AppleWebKit/537.36 (KHTML, like Gecko) Chrome/75.0.3770.100 Safari/537.36"
::1 - - [23/Jul/2020:15:02:21 +0000] "GET /api/user/login?name=hhl123&password=12345 HTTP/1.1" 200 87 "http://localhost:8081/" "Mozilla/5.0 (Windows NT 10.0; Win64; x64) AppleWebKit/537.36 (KHTML, like Gecko) Chrome/75.0.3770.100 Safari/537.36"
::1 - - [23/Jul/2020:15:11:07 +0000] "GET /api/user/login?name=hhl123&password=12345 HTTP/1.1" 200 87 "http://localhost:8081/" "Mozilla/5.0 (Windows NT 10.0; Win64; x64) AppleWebKit/537.36 (KHTML, like Gecko) Chrome/75.0.3770.100 Safari/537.36"
::1 - - [23/Jul/2020:15:11:38 +0000] "GET /api/user/login?name=hhl123&password=12345 HTTP/1.1" 200 87 "http://localhost:8081/" "Mozilla/5.0 (Windows NT 10.0; Win64; x64) AppleWebKit/537.36 (KHTML, like Gecko) Chrome/75.0.3770.100 Safari/537.36"
::1 - - [23/Jul/2020:15:12:48 +0000] "GET /api/user/login?name=hhl123&password=12345 HTTP/1.1" 200 87 "http://localhost:8081/" "Mozilla/5.0 (Windows NT 10.0; Win64; x64) AppleWebKit/537.36 (KHTML, like Gecko) Chrome/75.0.3770.100 Safari/537.36"
::1 - - [23/Jul/2020:15:18:27 +0000] "GET /api/user/login?name=hhl123&password=12345 HTTP/1.1" 200 87 "http://localhost:8081/" "Mozilla/5.0 (Windows NT 10.0; Win64; x64) AppleWebKit/537.36 (KHTML, like Gecko) Chrome/75.0.3770.100 Safari/537.36"
::1 - - [23/Jul/2020:15:18:50 +0000] "GET /api/user/login?name=hhl123&password=12345 HTTP/1.1" 200 87 "http://localhost:8081/" "Mozilla/5.0 (Windows NT 10.0; Win64; x64) AppleWebKit/537.36 (KHTML, like Gecko) Chrome/75.0.3770.100 Safari/537.36"
::1 - - [23/Jul/2020:15:19:53 +0000] "GET /api/user/login?name=hhl123&password=12345 HTTP/1.1" 200 87 "http://localhost:8081/" "Mozilla/5.0 (Windows NT 10.0; Win64; x64) AppleWebKit/537.36 (KHTML, like Gecko) Chrome/75.0.3770.100 Safari/537.36"
::1 - - [23/Jul/2020:15:20:16 +0000] "GET /api/user/login?name=hhl123&password=12345 HTTP/1.1" 200 87 "http://localhost:8081/" "Mozilla/5.0 (Windows NT 10.0; Win64; x64) AppleWebKit/537.36 (KHTML, like Gecko) Chrome/75.0.3770.100 Safari/537.36"
::1 - - [23/Jul/2020:15:21:52 +0000] "GET /api/user/login?name=hhl123&password=12345 HTTP/1.1" 200 87 "http://localhost:8081/" "Mozilla/5.0 (Windows NT 10.0; Win64; x64) AppleWebKit/537.36 (KHTML, like Gecko) Chrome/75.0.3770.100 Safari/537.36"
::1 - - [23/Jul/2020:15:22:34 +0000] "GET /api/user/login?name=hhl123&password=12345 HTTP/1.1" 200 87 "http://localhost:8081/" "Mozilla/5.0 (Windows NT 10.0; Win64; x64) AppleWebKit/537.36 (KHTML, like Gecko) Chrome/75.0.3770.100 Safari/537.36"
::1 - - [23/Jul/2020:15:22:49 +0000] "GET /api/user/login?name=hhl123&password=12345 HTTP/1.1" 200 87 "http://localhost:8081/" "Mozilla/5.0 (Windows NT 10.0; Win64; x64) AppleWebKit/537.36 (KHTML, like Gecko) Chrome/75.0.3770.100 Safari/537.36"
::1 - - [23/Jul/2020:15:23:10 +0000] "GET /api/user/login?name=hhl123&password=12345 HTTP/1.1" 200 87 "http://localhost:8081/" "Mozilla/5.0 (Windows NT 10.0; Win64; x64) AppleWebKit/537.36 (KHTML, like Gecko) Chrome/75.0.3770.100 Safari/537.36"
::1 - - [23/Jul/2020:15:42:15 +0000] "GET /api/user/login?name=hhl123&password=12345 HTTP/1.1" 200 87 "http://localhost:8081/" "Mozilla/5.0 (Windows NT 10.0; Win64; x64) AppleWebKit/537.36 (KHTML, like Gecko) Chrome/75.0.3770.100 Safari/537.36"
::1 - - [23/Jul/2020:15:43:41 +0000] "GET /api/user/login?name=hhl123&password=12345 HTTP/1.1" 200 87 "http://localhost:8081/" "Mozilla/5.0 (Windows NT 10.0; Win64; x64) AppleWebKit/537.36 (KHTML, like Gecko) Chrome/75.0.3770.100 Safari/537.36"
::1 - - [23/Jul/2020:15:44:57 +0000] "GET /api/user/login?name=hhl123&password=12345 HTTP/1.1" 200 87 "http://localhost:8081/" "Mozilla/5.0 (Windows NT 10.0; Win64; x64) AppleWebKit/537.36 (KHTML, like Gecko) Chrome/75.0.3770.100 Safari/537.36"
::1 - - [23/Jul/2020:15:45:39 +0000] "GET /api/user/login?name=hhl123&password=12345 HTTP/1.1" 200 87 "http://localhost:8081/" "Mozilla/5.0 (Windows NT 10.0; Win64; x64) AppleWebKit/537.36 (KHTML, like Gecko) Chrome/75.0.3770.100 Safari/537.36"
::1 - - [23/Jul/2020:15:47:04 +0000] "GET /api/user/login?name=hhl123&password=12345 HTTP/1.1" 200 87 "http://localhost:8081/" "Mozilla/5.0 (Windows NT 10.0; Win64; x64) AppleWebKit/537.36 (KHTML, like Gecko) Chrome/75.0.3770.100 Safari/537.36"
::1 - - [23/Jul/2020:15:47:11 +0000] "GET /api/user/login?name=hhl123&password=12345 HTTP/1.1" 200 87 "http://localhost:8081/" "Mozilla/5.0 (Windows NT 10.0; Win64; x64) AppleWebKit/537.36 (KHTML, like Gecko) Chrome/75.0.3770.100 Safari/537.36"
::1 - - [23/Jul/2020:15:48:24 +0000] "GET /api/user/login?name=hhl123&password=12345 HTTP/1.1" 200 87 "http://localhost:8081/" "Mozilla/5.0 (Windows NT 10.0; Win64; x64) AppleWebKit/537.36 (KHTML, like Gecko) Chrome/75.0.3770.100 Safari/537.36"
::1 - - [23/Jul/2020:15:52:33 +0000] "GET /api/user/login?name=hhl123&password=12345 HTTP/1.1" 200 87 "http://localhost:8081/" "Mozilla/5.0 (Windows NT 10.0; Win64; x64) AppleWebKit/537.36 (KHTML, like Gecko) Chrome/75.0.3770.100 Safari/537.36"
::1 - - [24/Jul/2020:04:16:45 +0000] "GET /api/user/login?name=hhl123&password=12345 HTTP/1.1" 200 87 "http://localhost:8081/" "Mozilla/5.0 (Windows NT 10.0; Win64; x64) AppleWebKit/537.36 (KHTML, like Gecko) Chrome/75.0.3770.100 Safari/537.36"
::1 - - [24/Jul/2020:04:18:17 +0000] "GET /api/user/login?name=hhl123&password=12345 HTTP/1.1" 200 87 "http://localhost:8081/" "Mozilla/5.0 (Windows NT 10.0; Win64; x64) AppleWebKit/537.36 (KHTML, like Gecko) Chrome/75.0.3770.100 Safari/537.36"
